[INFO] --- fabric8-maven-plugin:4.3.0.fuse-790039-redhat-00001:build (default-cli) @ bankingApp ---
[WARNING] Error reading service account token from: [/var/run/secrets/kubernetes.io/serviceaccount/token]. Ignoring.
[WARNING] Error reading service account token from: [/var/run/secrets/kubernetes.io/serviceaccount/token]. Ignoring.
[WARNING] F8: Cannot access cluster for detecting mode: Unknown host kubernetes.default.svc: Name or service not known
[INFO] F8: Running in Kubernetes mode
[INFO] F8: Building Container image with Docker in Kubernetes mode
[WARNING] Error reading service account token from: [/var/run/secrets/kubernetes.io/serviceaccount/token]. Ignoring.
[WARNING] F8: Cannot access cluster for detecting mode: Unknown host kubernetes.default.svc
[WARNING] Error reading service account token from: [/var/run/secrets/kubernetes.io/serviceaccount/token]. Ignoring.
[WARNING] F8: Cannot access cluster for detecting mode: Unknown host kubernetes.default.svc
[WARNING] Error reading service account token from: [/var/run/secrets/kubernetes.io/serviceaccount/token]. Ignoring.
[INFO] F8: Running generator spring-boot
[INFO] F8: spring-boot: Using Container image fuse7/fuse-java-openshift:1.9 as base / builder
[WARNING] Error reading service account token from: [/var/run/secrets/kubernetes.io/serviceaccount/token]. Ignoring.
[WARNING] F8: Cannot access cluster for detecting mode: Unknown host kubernetes.default.svc
[WARNING] Error reading service account token from: [/var/run/secrets/kubernetes.io/serviceaccount/token]. Ignoring.
[WARNING] F8: Cannot access cluster for detecting mode: Unknown host kubernetes.default.svc
[WARNING] Error reading service account token from: [/var/run/secrets/kubernetes.io/serviceaccount/token]. Ignoring.
[ERROR] F8: Failed to execute the build: io.fabric8.maven.core.service.Fabric8ServiceException: Error while trying to build the image
[INFO] ------------------------------------------------------------------------
[INFO] BUILD FAILURE
[INFO] ------------------------------------------------------------------------
[INFO] Total time: 20.461 s
[INFO] Finished at: 2022-06-23T22:33:26+03:00
[INFO] ------------------------------------------------------------------------
[ERROR] Failed to execute goal io.fabric8:fabric8-maven-plugin:4.3.0.fuse-790039-redhat-00001:build (default-cli) on project bankingApp: Failed to execute the build: io.fabric8.maven.core.service.Fabric8ServiceException: Error while trying to build the image -> [Help 1]
[ERROR] 
[ERROR] To see the full stack trace of the errors, re-run Maven with the -e switch.
[ERROR] Re-run Maven using the -X switch to enable full debug logging.
[ERROR] 
[ERROR] For more information about the errors and possible solutions, please read the following articles:
[ERROR] [Help 1] http://cwiki.apache.org/confluence/display/MAVEN/MojoExecutionException
[Pipeline] }
[Pipeline] // stage
[Pipeline] stage
[Pipeline] { (Tag and Push Docker Image)
Stage "Tag and Push Docker Image" skipped due to earlier failure(s)
[Pipeline] }
[Pipeline] // stage
[Pipeline] stage
[Pipeline] { (deploy)
Stage "deploy" skipped due to earlier failure(s)
[Pipeline] }
[Pipeline] // stage
[Pipeline] stage
[Pipeline] { (Push Docker Image)
Stage "Push Docker Image" skipped due to earlier failure(s)
[Pipeline] }
[Pipeline] // stage
[Pipeline] stage
[Pipeline] { (Deploy)
Stage "Deploy" skipped due to earlier failure(s)
[Pipeline] }
[Pipeline] // stage
[Pipeline] stage
[Pipeline] { (DeployToProduction)
Stage "DeployToProduction" skipped due to earlier failure(s)
[Pipeline] }
[Pipeline] // stage
[Pipeline] }
[Pipeline] // withEnv
[Pipeline] }
[Pipeline] // withEnv
[Pipeline] }
[Pipeline] // node
[Pipeline] End of Pipeline
ERROR: script returned exit code 1

Could not update commit status, please check if your scan credentials belong to a member of the organization or a collaborator of the repository and repo:status scope is selected


GitHub has been notified of this commitâ€™s build result

Finished: FAILURE
